<?xml version="1.0" encoding="UTF-8"?>
<testng-results skipped="0" failed="0" ignored="0" total="1" passed="1">
  <reporter-output>
  </reporter-output>
  <suite name="Default suite" duration-ms="29185" started-at="2019-12-12T11:07:04Z" finished-at="2019-12-12T11:07:33Z">
    <groups>
    </groups>
    <test name="Default test" duration-ms="29185" started-at="2019-12-12T11:07:04Z" finished-at="2019-12-12T11:07:33Z">
      <class name="com.acc_selenium_demo1.Rediff_practise">
        <test-method status="PASS" signature="launch_browser()[pri:0, instance:com.acc_selenium_demo1.Rediff_practise@39f31e]" name="launch_browser" is-config="true" duration-ms="25800" started-at="2019-12-12T16:37:04Z" finished-at="2019-12-12T16:37:30Z">
          <reporter-output>
          </reporter-output>
        </test-method> <!-- launch_browser -->
        <test-method status="PASS" signature="account()[pri:0, instance:com.acc_selenium_demo1.Rediff_practise@39f31e]" name="account" duration-ms="3345" started-at="2019-12-12T16:37:30Z" finished-at="2019-12-12T16:37:33Z">
          <reporter-output>
          </reporter-output>
        </test-method> <!-- account -->
      </class> <!-- com.acc_selenium_demo1.Rediff_practise -->
    </test> <!-- Default test -->
  </suite> <!-- Default suite -->
</testng-results>
