<?xml version="1.0" encoding="UTF-8"?>
<testng-results skipped="0" failed="0" total="1" passed="1">
  <reporter-output>
  </reporter-output>
  <suite name="Default suite" duration-ms="40923" started-at="2019-12-16T09:28:08Z" finished-at="2019-12-16T09:28:49Z">
    <groups>
    </groups>
    <test name="Default test" duration-ms="40923" started-at="2019-12-16T09:28:08Z" finished-at="2019-12-16T09:28:49Z">
      <class name="Test_me_app_practise">
        <test-method status="PASS" signature="launch()[pri:0, instance:Test_me_app_practise@82f6ef]" name="launch" is-config="true" duration-ms="21668" started-at="2019-12-16T14:58:08Z" finished-at="2019-12-16T14:58:29Z">
          <reporter-output>
          </reporter-output>
        </test-method> <!-- launch -->
        <test-method status="PASS" signature="about()[pri:0, instance:Test_me_app_practise@82f6ef]" name="about" duration-ms="19235" started-at="2019-12-16T14:58:29Z" finished-at="2019-12-16T14:58:49Z">
          <reporter-output>
          </reporter-output>
        </test-method> <!-- about -->
      </class> <!-- Test_me_app_practise -->
    </test> <!-- Default test -->
  </suite> <!-- Default suite -->
</testng-results>
