<?xml version="1.0" encoding="UTF-8"?>
<!-- Generated by org.testng.reporters.JUnitXMLReporter -->
<testsuite hostname="DDC2-D-44T5N62" ignored="0" name="Test99" tests="5" failures="0" timestamp="12 Dec 2019 05:23:47 GMT" time="112.491" errors="0">
  <testcase name="login" time="0.007" classname="com.acc_selenium_demo1.TestNG_demo1"/>
  <testcase name="register" time="100.444" classname="com.acc_selenium_demo1.Demo2_newtours"/>
  <testcase name="google" time="0.013" classname="com.acc_selenium_demo1.TestNG_demo2"/>
  <testcase name="gmail" time="0.0" classname="com.acc_selenium_demo1.TestNG_demo2"/>
  <testcase name="facebook" time="0.0" classname="com.acc_selenium_demo1.TestNG_demo2"/>
</testsuite> <!-- Test99 -->
